[2024-11-18T16:34:56.631+0000] {local_task_job_runner.py:120} INFO - ::group::Pre task execution logs
[2024-11-18T16:34:56.734+0000] {taskinstance.py:2076} INFO - Dependencies all met for dep_context=non-requeueable deps ti=<TaskInstance: spark_dag.spark_task scheduled__2024-11-10T00:00:00+00:00 [queued]>
[2024-11-18T16:34:56.754+0000] {taskinstance.py:2076} INFO - Dependencies all met for dep_context=requeueable deps ti=<TaskInstance: spark_dag.spark_task scheduled__2024-11-10T00:00:00+00:00 [queued]>
[2024-11-18T16:34:56.760+0000] {taskinstance.py:2306} INFO - Starting attempt 1 of 2
[2024-11-18T16:34:56.831+0000] {taskinstance.py:2330} INFO - Executing <Task(SparkSubmitOperator): spark_task> on 2024-11-10 00:00:00+00:00
[2024-11-18T16:34:56.845+0000] {standard_task_runner.py:64} INFO - Started process 372 to run task
[2024-11-18T16:34:56.876+0000] {standard_task_runner.py:90} INFO - Running: ['***', 'tasks', 'run', 'spark_dag', 'spark_task', 'scheduled__2024-11-10T00:00:00+00:00', '--job-id', '734', '--raw', '--subdir', 'DAGS_FOLDER/spark_dag.py', '--cfg-path', '/tmp/tmpcv7vv2nd']
[2024-11-18T16:34:56.891+0000] {standard_task_runner.py:91} INFO - Job 734: Subtask spark_task
[2024-11-18T16:34:57.042+0000] {task_command.py:426} INFO - Running <TaskInstance: spark_dag.spark_task scheduled__2024-11-10T00:00:00+00:00 [running]> on host faf83eb57c9b
[2024-11-18T16:34:57.251+0000] {taskinstance.py:2648} INFO - Exporting env vars: AIRFLOW_CTX_DAG_OWNER='***' AIRFLOW_CTX_DAG_ID='spark_dag' AIRFLOW_CTX_TASK_ID='spark_task' AIRFLOW_CTX_EXECUTION_DATE='2024-11-10T00:00:00+00:00' AIRFLOW_CTX_TRY_NUMBER='1' AIRFLOW_CTX_DAG_RUN_ID='scheduled__2024-11-10T00:00:00+00:00'
[2024-11-18T16:34:57.255+0000] {taskinstance.py:430} INFO - ::endgroup::
[2024-11-18T16:34:57.278+0000] {spark_submit.py:304} INFO - Could not load connection string spark_default, defaulting to yarn
[2024-11-18T16:34:57.281+0000] {spark_submit.py:473} INFO - Spark-Submit cmd: spark-submit --master yarn --name arrow-spark /opt/***/dags/spark_job.py
[2024-11-18T16:35:08.432+0000] {spark_submit.py:634} INFO - Exception in thread "main" org.apache.spark.SparkException: When running with master 'yarn' either HADOOP_CONF_DIR or YARN_CONF_DIR must be set in the environment.
[2024-11-18T16:35:08.433+0000] {spark_submit.py:634} INFO - at org.apache.spark.deploy.SparkSubmitArguments.error(SparkSubmitArguments.scala:650)
[2024-11-18T16:35:08.434+0000] {spark_submit.py:634} INFO - at org.apache.spark.deploy.SparkSubmitArguments.validateSubmitArguments(SparkSubmitArguments.scala:281)
[2024-11-18T16:35:08.434+0000] {spark_submit.py:634} INFO - at org.apache.spark.deploy.SparkSubmitArguments.validateArguments(SparkSubmitArguments.scala:237)
[2024-11-18T16:35:08.435+0000] {spark_submit.py:634} INFO - at org.apache.spark.deploy.SparkSubmitArguments.<init>(SparkSubmitArguments.scala:122)
[2024-11-18T16:35:08.435+0000] {spark_submit.py:634} INFO - at org.apache.spark.deploy.SparkSubmit$$anon$2$$anon$3.<init>(SparkSubmit.scala:1103)
[2024-11-18T16:35:08.436+0000] {spark_submit.py:634} INFO - at org.apache.spark.deploy.SparkSubmit$$anon$2.parseArguments(SparkSubmit.scala:1103)
[2024-11-18T16:35:08.436+0000] {spark_submit.py:634} INFO - at org.apache.spark.deploy.SparkSubmit.doSubmit(SparkSubmit.scala:86)
[2024-11-18T16:35:08.436+0000] {spark_submit.py:634} INFO - at org.apache.spark.deploy.SparkSubmit$$anon$2.doSubmit(SparkSubmit.scala:1120)
[2024-11-18T16:35:08.436+0000] {spark_submit.py:634} INFO - at org.apache.spark.deploy.SparkSubmit$.main(SparkSubmit.scala:1129)
[2024-11-18T16:35:08.437+0000] {spark_submit.py:634} INFO - at org.apache.spark.deploy.SparkSubmit.main(SparkSubmit.scala)
[2024-11-18T16:35:08.542+0000] {taskinstance.py:441} INFO - ::group::Post task execution logs
[2024-11-18T16:35:08.561+0000] {taskinstance.py:2905} ERROR - Task failed with exception
Traceback (most recent call last):
  File "/home/airflow/.local/lib/python3.11/site-packages/airflow/models/taskinstance.py", line 465, in _execute_task
    result = _execute_callable(context=context, **execute_callable_kwargs)
             ^^^^^^^^^^^^^^^^^^^^^^^^^^^^^^^^^^^^^^^^^^^^^^^^^^^^^^^^^^^^^
  File "/home/airflow/.local/lib/python3.11/site-packages/airflow/models/taskinstance.py", line 432, in _execute_callable
    return execute_callable(context=context, **execute_callable_kwargs)
           ^^^^^^^^^^^^^^^^^^^^^^^^^^^^^^^^^^^^^^^^^^^^^^^^^^^^^^^^^^^^
  File "/home/airflow/.local/lib/python3.11/site-packages/airflow/models/baseoperator.py", line 401, in wrapper
    return func(self, *args, **kwargs)
           ^^^^^^^^^^^^^^^^^^^^^^^^^^^
  File "/home/airflow/.local/lib/python3.11/site-packages/airflow/providers/apache/spark/operators/spark_submit.py", line 176, in execute
    self._hook.submit(self.application)
  File "/home/airflow/.local/lib/python3.11/site-packages/airflow/providers/apache/spark/hooks/spark_submit.py", line 560, in submit
    raise AirflowException(
airflow.exceptions.AirflowException: Cannot execute: spark-submit --master yarn --name arrow-spark /opt/***/dags/spark_job.py. Error code is: 1.
[2024-11-18T16:35:08.577+0000] {taskinstance.py:1206} INFO - Marking task as UP_FOR_RETRY. dag_id=spark_dag, task_id=spark_task, run_id=scheduled__2024-11-10T00:00:00+00:00, execution_date=20241110T000000, start_date=20241118T163456, end_date=20241118T163508
[2024-11-18T16:35:08.620+0000] {standard_task_runner.py:110} ERROR - Failed to execute job 734 for task spark_task (Cannot execute: spark-submit --master yarn --name arrow-spark /opt/***/dags/spark_job.py. Error code is: 1.; 372)
[2024-11-18T16:35:08.648+0000] {local_task_job_runner.py:243} INFO - Task exited with return code 1
[2024-11-18T16:35:08.687+0000] {taskinstance.py:3503} INFO - 0 downstream tasks scheduled from follow-on schedule check
[2024-11-18T16:35:08.698+0000] {local_task_job_runner.py:222} INFO - ::endgroup::
